{
  "RSpec": {
    "coverage": {
      "/Users/christophercrane/Desktop/mods/3mod/3week/rails_engine_fe_7/config/environment.rb": {
        "lines": [
          null,
          1,
          null,
          null,
          1
        ]
      },
      "/Users/christophercrane/Desktop/mods/3mod/3week/rails_engine_fe_7/config/application.rb": {
        "lines": [
          1,
          null,
          1,
          null,
          1,
          1,
          1,
          1,
          1,
          1,
          1,
          1,
          1,
          1,
          null,
          null,
          null,
          null,
          1,
          null,
          1,
          1,
          null,
          1,
          null,
          null,
          null,
          null,
          null,
          null,
          null,
          null,
          null,
          null,
          1,
          null,
          null
        ]
      },
      "/Users/christophercrane/Desktop/mods/3mod/3week/rails_engine_fe_7/config/boot.rb": {
        "lines": [
          1,
          null,
          1,
          1
        ]
      },
      "/Users/christophercrane/Desktop/mods/3mod/3week/rails_engine_fe_7/config/environments/test.rb": {
        "lines": [
          1,
          null,
          null,
          null,
          null,
          null,
          null,
          1,
          null,
          null,
          null,
          1,
          null,
          null,
          null,
          null,
          1,
          null,
          null,
          1,
          1,
          null,
          null,
          null,
          null,
          1,
          1,
          1,
          null,
          null,
          1,
          null,
          null,
          1,
          null,
          null,
          1,
          null,
          1,
          null,
          null,
          null,
          null,
          1,
          null,
          null,
          1,
          null,
          null,
          1,
          null,
          null,
          1,
          null,
          null,
          null,
          null,
          null,
          null,
          null
        ]
      },
      "/Users/christophercrane/Desktop/mods/3mod/3week/rails_engine_fe_7/config/initializers/assets.rb": {
        "lines": [
          null,
          null,
          null,
          1,
          null,
          null,
          null,
          null,
          null,
          null,
          null,
          null
        ]
      },
      "/Users/christophercrane/Desktop/mods/3mod/3week/rails_engine_fe_7/config/initializers/content_security_policy.rb": {
        "lines": [
          null,
          null,
          null,
          null,
          null,
          null,
          null,
          null,
          null,
          null,
          null,
          null,
          null,
          null,
          null,
          null,
          null,
          null,
          null,
          null,
          null,
          null,
          null,
          null,
          null
        ]
      },
      "/Users/christophercrane/Desktop/mods/3mod/3week/rails_engine_fe_7/config/initializers/filter_parameter_logging.rb": {
        "lines": [
          null,
          null,
          null,
          null,
          null,
          1,
          null,
          null
        ]
      },
      "/Users/christophercrane/Desktop/mods/3mod/3week/rails_engine_fe_7/config/initializers/inflections.rb": {
        "lines": [
          null,
          null,
          null,
          null,
          null,
          null,
          null,
          null,
          null,
          null,
          null,
          null,
          null,
          null,
          null,
          null
        ]
      },
      "/Users/christophercrane/Desktop/mods/3mod/3week/rails_engine_fe_7/config/initializers/permissions_policy.rb": {
        "lines": [
          null,
          null,
          null,
          null,
          null,
          null,
          null,
          null,
          null,
          null,
          null
        ]
      },
      "/Users/christophercrane/Desktop/mods/3mod/3week/rails_engine_fe_7/config/routes.rb": {
        "lines": [
          1,
          null,
          1,
          null
        ]
      },
      "/Users/christophercrane/Desktop/mods/3mod/3week/rails_engine_fe_7/app/helpers/application_helper.rb": {
        "lines": [
          1,
          null
        ]
      },
      "/Users/christophercrane/Desktop/mods/3mod/3week/rails_engine_fe_7/app/facade/rails_engine_facade.rb": {
        "lines": [
          1,
          1,
          8,
          null,
          null,
          1,
          7,
          700,
          null,
          null,
          null,
          1,
          5,
          75,
          null,
          null,
          null,
          1,
          null,
          1,
          8,
          null,
          null
        ]
      },
      "/Users/christophercrane/Desktop/mods/3mod/3week/rails_engine_fe_7/spec/features/merchant/index_spec.rb": {
        "lines": [
          1,
          null,
          1,
          1,
          1,
          1,
          1,
          null,
          1,
          1,
          1,
          1,
          null,
          null,
          1,
          1,
          null,
          1,
          null,
          1,
          null,
          null,
          null,
          null
        ]
      },
      "/Users/christophercrane/Desktop/mods/3mod/3week/rails_engine_fe_7/spec/features/merchant/show_spec.rb": {
        "lines": [
          1,
          null,
          1,
          1,
          1,
          1,
          2,
          null,
          null,
          1,
          1,
          null,
          null,
          1,
          1,
          1,
          null,
          null,
          null,
          null
        ]
      },
      "/Users/christophercrane/Desktop/mods/3mod/3week/rails_engine_fe_7/spec/poros/item_spec.rb": {
        "lines": [
          1,
          null,
          1,
          1,
          null,
          1,
          null,
          null,
          null,
          null,
          null,
          null,
          null,
          null,
          null,
          1,
          null,
          null,
          1,
          1,
          1,
          1,
          null,
          1,
          1,
          1,
          1,
          null,
          null,
          null
        ]
      },
      "/Users/christophercrane/Desktop/mods/3mod/3week/rails_engine_fe_7/app/poros/item.rb": {
        "lines": [
          1,
          1,
          null,
          null,
          null,
          null,
          null,
          null,
          1,
          76,
          76,
          76,
          76,
          76,
          76,
          null,
          null
        ]
      },
      "/Users/christophercrane/Desktop/mods/3mod/3week/rails_engine_fe_7/spec/poros/merchant_spec.rb": {
        "lines": [
          1,
          null,
          1,
          1,
          null,
          1,
          null,
          null,
          null,
          null,
          null,
          null,
          1,
          null,
          null,
          1,
          1,
          1,
          1,
          1,
          null,
          null
        ]
      },
      "/Users/christophercrane/Desktop/mods/3mod/3week/rails_engine_fe_7/app/poros/merchant.rb": {
        "lines": [
          1,
          1,
          null,
          1,
          701,
          701,
          701,
          null,
          null
        ]
      },
      "/Users/christophercrane/Desktop/mods/3mod/3week/rails_engine_fe_7/spec/services/rails_engine_service_spec.rb": {
        "lines": [
          1,
          null,
          1,
          1,
          1,
          1,
          1,
          null,
          1,
          null,
          1,
          null,
          1,
          1,
          1,
          null,
          1,
          1,
          1,
          null,
          1,
          1,
          null,
          1,
          1,
          1,
          null,
          null,
          null,
          1,
          1,
          1,
          null,
          1,
          null,
          1,
          null,
          1,
          1,
          1,
          null,
          1,
          1,
          null,
          1,
          null,
          1,
          1,
          1,
          null,
          null,
          null,
          null
        ]
      },
      "/Users/christophercrane/Desktop/mods/3mod/3week/rails_engine_fe_7/app/services/rails_engine_service.rb": {
        "lines": [
          1,
          1,
          8,
          null,
          null,
          1,
          6,
          null,
          null,
          1,
          null,
          1,
          14,
          14,
          null,
          null,
          1,
          14,
          null,
          null
        ]
      },
      "/Users/christophercrane/Desktop/mods/3mod/3week/rails_engine_fe_7/app/controllers/merchants_controller.rb": {
        "lines": [
          1,
          1,
          2,
          null,
          null,
          1,
          6,
          3,
          null,
          null,
          1,
          null,
          1,
          8,
          null,
          null
        ]
      },
      "/Users/christophercrane/Desktop/mods/3mod/3week/rails_engine_fe_7/app/controllers/application_controller.rb": {
        "lines": [
          1,
          null
        ]
      }
    },
    "timestamp": 1680808238
  }
}
