{
  "RSpec": {
    "coverage": {
      "/Users/christophercrane/Desktop/mods/3mod/3week/rails_engine_fe_7/config/environment.rb": {
        "lines": [
          null,
          1,
          null,
          null,
          1
        ]
      },
      "/Users/christophercrane/Desktop/mods/3mod/3week/rails_engine_fe_7/config/application.rb": {
        "lines": [
          1,
          null,
          1,
          null,
          1,
          1,
          1,
          1,
          1,
          1,
          1,
          1,
          1,
          1,
          null,
          null,
          null,
          null,
          1,
          null,
          1,
          1,
          null,
          1,
          null,
          null,
          null,
          null,
          null,
          null,
          null,
          null,
          null,
          null,
          1,
          null,
          null
        ]
      },
      "/Users/christophercrane/Desktop/mods/3mod/3week/rails_engine_fe_7/config/boot.rb": {
        "lines": [
          1,
          null,
          1,
          1
        ]
      },
      "/Users/christophercrane/Desktop/mods/3mod/3week/rails_engine_fe_7/config/environments/test.rb": {
        "lines": [
          1,
          null,
          null,
          null,
          null,
          null,
          null,
          1,
          null,
          null,
          null,
          1,
          null,
          null,
          null,
          null,
          1,
          null,
          null,
          1,
          1,
          null,
          null,
          null,
          null,
          1,
          1,
          1,
          null,
          null,
          1,
          null,
          null,
          1,
          null,
          null,
          1,
          null,
          1,
          null,
          null,
          null,
          null,
          1,
          null,
          null,
          1,
          null,
          null,
          1,
          null,
          null,
          1,
          null,
          null,
          null,
          null,
          null,
          null,
          null
        ]
      },
      "/Users/christophercrane/Desktop/mods/3mod/3week/rails_engine_fe_7/config/initializers/assets.rb": {
        "lines": [
          null,
          null,
          null,
          1,
          null,
          null,
          null,
          null,
          null,
          null,
          null,
          null
        ]
      },
      "/Users/christophercrane/Desktop/mods/3mod/3week/rails_engine_fe_7/config/initializers/content_security_policy.rb": {
        "lines": [
          null,
          null,
          null,
          null,
          null,
          null,
          null,
          null,
          null,
          null,
          null,
          null,
          null,
          null,
          null,
          null,
          null,
          null,
          null,
          null,
          null,
          null,
          null,
          null,
          null
        ]
      },
      "/Users/christophercrane/Desktop/mods/3mod/3week/rails_engine_fe_7/config/initializers/filter_parameter_logging.rb": {
        "lines": [
          null,
          null,
          null,
          null,
          null,
          1,
          null,
          null
        ]
      },
      "/Users/christophercrane/Desktop/mods/3mod/3week/rails_engine_fe_7/config/initializers/inflections.rb": {
        "lines": [
          null,
          null,
          null,
          null,
          null,
          null,
          null,
          null,
          null,
          null,
          null,
          null,
          null,
          null,
          null,
          null
        ]
      },
      "/Users/christophercrane/Desktop/mods/3mod/3week/rails_engine_fe_7/config/initializers/permissions_policy.rb": {
        "lines": [
          null,
          null,
          null,
          null,
          null,
          null,
          null,
          null,
          null,
          null,
          null
        ]
      },
      "/Users/christophercrane/Desktop/mods/3mod/3week/rails_engine_fe_7/config/routes.rb": {
        "lines": [
          1,
          null,
          1,
          null
        ]
      },
      "/Users/christophercrane/Desktop/mods/3mod/3week/rails_engine_fe_7/app/helpers/application_helper.rb": {
        "lines": [
          1,
          null
        ]
      },
      "/Users/christophercrane/Desktop/mods/3mod/3week/rails_engine_fe_7/app/facade/rails_engine_facade.rb": {
        "lines": [
          1,
          1,
          3,
          null,
          null,
          1,
          2,
          200,
          null,
          null,
          null,
          1,
          1,
          1,
          null,
          null,
          null,
          1,
          null,
          1,
          3,
          null,
          null
        ]
      },
      "/Users/christophercrane/Desktop/mods/3mod/3week/rails_engine_fe_7/app/services/rails_engine_service.rb": {
        "lines": [
          1,
          1,
          2,
          null,
          null,
          1,
          1,
          null,
          null,
          1,
          null,
          1,
          3,
          3,
          null,
          null,
          1,
          3,
          null,
          null
        ]
      },
      "/Users/christophercrane/Desktop/mods/3mod/3week/rails_engine_fe_7/app/poros/merchant.rb": {
        "lines": [
          1,
          1,
          null,
          1,
          200,
          200,
          200,
          null,
          null
        ]
      }
    },
    "timestamp": 1680798821
  }
}
